
🎯 Testing Quiz Render from Firebase

============================================================

📡 Fetching quiz questions from Firebase...
[firebase-quiz] Fetching all Quiz puzzles from Firebase
[firebase-quiz] Found 3 Quiz puzzles
[firebase-quiz][debug] Prompt resolution {
  puzzleId: "0JNCYfgz3A6CcuJt4HCC",
  questionIndex: 0,
  fbQuestionKeys: [ "other", "type", "SV", "answer" ],
  promptCandidates: [
    {
      field: "prompt",
      value: null,
    }, {
      field: "Prompt",
      value: null,
    }, {
      field: "question",
      value: null,
    }, {
      field: "Question",
      value: null,
    }, {
      field: "text",
      value: null,
    }, {
      field: "Text",
      value: null,
    }, {
      field: "statement",
      value: null,
    }, {
      field: "Statement",
      value: null,
    }, {
      field: "label",
      value: null,
    }, {
      field: "Label",
      value: null,
    }, {
      field: "title",
      value: null,
    }, {
      field: "Title",
      value: null,
    }, {
      field: "body",
      value: null,
    }, {
      field: "Body",
      value: null,
    }, {
      field: "name",
      value: null,
    }, {
      field: "Name",
      value: null,
    }
  ],
  resolvedPrompt: "Database Design Quiz - Question 1",
}
[firebase-quiz] Transformed question: {
  puzzleId: "0JNCYfgz3A6CcuJt4HCC",
  questionId: "0JNCYfgz3A6CcuJt4HCC_q0",
  rawType: "one-select",
  type: "mcq",
  prompt: "Database Design Quiz - Question 1",
  basePoints: 15,
}
[firebase-quiz][debug] Prompt resolution {
  puzzleId: "oSgH66AWFMYWC1wpNPgC",
  questionIndex: 0,
  fbQuestionKeys: [ "SV", "type", "answers", "other" ],
  promptCandidates: [
    {
      field: "prompt",
      value: null,
    }, {
      field: "Prompt",
      value: null,
    }, {
      field: "question",
      value: null,
    }, {
      field: "Question",
      value: null,
    }, {
      field: "text",
      value: null,
    }, {
      field: "Text",
      value: null,
    }, {
      field: "statement",
      value: null,
    }, {
      field: "Statement",
      value: null,
    }, {
      field: "label",
      value: null,
    }, {
      field: "Label",
      value: null,
    }, {
      field: "title",
      value: null,
    }, {
      field: "Title",
      value: null,
    }, {
      field: "body",
      value: null,
    }, {
      field: "Body",
      value: null,
    }, {
      field: "name",
      value: null,
    }, {
      field: "Name",
      value: null,
    }
  ],
  resolvedPrompt: "Web Security Challenge - Question 1",
}
[firebase-quiz] Transformed question: {
  puzzleId: "oSgH66AWFMYWC1wpNPgC",
  questionId: "oSgH66AWFMYWC1wpNPgC_q0",
  rawType: "multiple-choice",
  type: "select-all",
  prompt: "Web Security Challenge - Question 1",
  basePoints: 20,
}
[firebase-quiz][debug] Prompt resolution {
  puzzleId: "qRw9ZVMS7FLpC8Vb2W1p",
  questionIndex: 0,
  fbQuestionKeys: [ "answer", "type", "SV", "other" ],
  promptCandidates: [
    {
      field: "prompt",
      value: null,
    }, {
      field: "Prompt",
      value: null,
    }, {
      field: "question",
      value: null,
    }, {
      field: "Question",
      value: null,
    }, {
      field: "text",
      value: null,
    }, {
      field: "Text",
      value: null,
    }, {
      field: "statement",
      value: null,
    }, {
      field: "Statement",
      value: null,
    }, {
      field: "label",
      value: null,
    }, {
      field: "Label",
      value: null,
    }, {
      field: "title",
      value: null,
    }, {
      field: "Title",
      value: null,
    }, {
      field: "body",
      value: null,
    }, {
      field: "Body",
      value: null,
    }, {
      field: "name",
      value: null,
    }, {
      field: "Name",
      value: null,
    }
  ],
  resolvedPrompt: "CS Fundamentals Quiz - Question 1",
}
[firebase-quiz] Transformed question: {
  puzzleId: "qRw9ZVMS7FLpC8Vb2W1p",
  questionId: "qRw9ZVMS7FLpC8Vb2W1p_q0",
  rawType: "one-select",
  type: "mcq",
  prompt: "CS Fundamentals Quiz - Question 1",
  basePoints: 10,
}
[firebase-quiz] Transformed 3 questions from 3 puzzles
✅ Found 3 quiz questions


📝 Question 1:
------------------------------------------------------------
ID: 0JNCYfgz3A6CcuJt4HCC_q0
Type: mcq
Prompt: Database Design Quiz - Question 1
Base Points: 15
Difficulty: 2
Tags: databases

Choices:
  1. Making database faster
  2. Encrypting data
  3. Organizing data to reduce redundancy
  4. Adding more tables

✅ Correct Answer: Choice 3

📝 Question 2:
------------------------------------------------------------
ID: oSgH66AWFMYWC1wpNPgC_q0
Type: select-all
Prompt: Web Security Challenge - Question 1
Base Points: 20
Difficulty: 2
Tags: cybersecurity

Choices:
  1. Validate user input
  2. Use prepared statements
  3. Trust user input
  4. Use parameterized queries
  5. Disable error messages
  6. Use string concatenation

✅ Correct Answers: Choices 4, 1, 2

📝 Question 3:
------------------------------------------------------------
ID: qRw9ZVMS7FLpC8Vb2W1p_q0
Type: mcq
Prompt: CS Fundamentals Quiz - Question 1
Base Points: 10
Difficulty: 2
Tags: computer science

Choices:
  1. O(log n) always
  2. O(n²) always
  3. O(n log n) average case
  4. O(n) best case

✅ Correct Answer: Choice 3


👤 Checking for sarah_dev player...
✅ Found player: sarah_dev
   Player ID: rvESrDG8X3F21MOcBM2V
   Email: smartinez@student.neumont.edu
   Wallet: 4800 points
   Completed Puzzles: 4
   Active Quests: 0


🎮 Recommended Quiz for sarah_dev:
============================================================

Question ID: 0JNCYfgz3A6CcuJt4HCC_q0
Prompt: Database Design Quiz - Question 1
Points: 15

Choices:
  A. Making database faster
  B. Encrypting data
  C. Organizing data to reduce redundancy
  D. Adding more tables


✅ Quiz system is ready!

📋 Next Steps:
1. Start the dev server: bun run dev
2. Walk to the quiz terminal in the game
3. Press E to start the quiz
4. Answer the question and submit
5. Check Firebase Console to verify completion data


✅ Test completed successfully!

